#
# There is insufficient memory for the Java Runtime Environment to continue.
# Native memory allocation (mmap) failed to map 134217728 bytes for G1 virtual space
# Possible reasons:
#   The system is out of physical RAM or swap space
#   The process is running with CompressedOops enabled, and the Java Heap may be blocking the growth of the native heap
# Possible solutions:
#   Reduce memory load on the system
#   Increase physical memory or swap space
#   Check if swap backing store is full
#   Decrease Java heap size (-Xmx/-Xms)
#   Decrease number of Java threads
#   Decrease Java thread stack sizes (-Xss)
#   Set larger code cache with -XX:ReservedCodeCacheSize=
#   JVM is running with Unscaled Compressed Oops mode in which the Java heap is
#     placed in the first 4GB address space. The Java Heap base address is the
#     maximum limit for the native heap growth. Please use -XX:HeapBaseMinAddress
#     to set the Java Heap base and to place the Java Heap above 4GB virtual address.
# This output file may be truncated or incomplete.
#
#  Out of Memory Error (os_windows.cpp:3530), pid=16108, tid=5684
#
# JRE version:  (18.0.2+9) (build )
# Java VM: OpenJDK 64-Bit Server VM (18.0.2+9-FR, mixed mode, sharing, tiered, compressed oops, compressed class ptrs, g1 gc, windows-amd64)
# No core dump will be written. Minidumps are not enabled by default on client versions of Windows
#

---------------  S U M M A R Y ------------

Command Line: -agentlib:jdwp=transport=dt_socket,address=127.0.0.1:51711,suspend=y,server=n -javaagent:C:\Users\anfdm\AppData\Local\JetBrains\IntelliJIdea2022.2\captureAgent\debugger-agent.jar -Dfile.encoding=UTF-8 -Dsun.stdout.encoding=UTF-8 -Dsun.stderr.encoding=UTF-8 --module-path=C:\Users\anfdm\.m2\repository\org\openjfx\javafx-fxml\18.0.1\javafx-fxml-18.0.1-win.jar;C:\Users\anfdm\.m2\repository\org\openjfx\javafx-base\18.0.1\javafx-base-18.0.1-win.jar;C:\Users\anfdm\.m2\repository\org\openjfx\javafx-controls\18.0.1\javafx-controls-18.0.1-win.jar;C:\Users\anfdm\.m2\repository\org\openjfx\javafx-graphics\18.0.1\javafx-graphics-18.0.1-win.jar;D:\Download\CraftingFarm\target\classes -Djdk.module.main=project.java.craftingfarm project.java.craftingfarm/project.java.craftingfarm.ScreenStart

Host: Intel(R) Core(TM) i5-9400F CPU @ 2.90GHz, 6 cores, 7G,  Windows 10 , 64 bit Build 19041 (10.0.19041.1889)
Time: Mon Oct 24 03:34:51 2022  Windows 10 , 64 bit Build 19041 (10.0.19041.1889) elapsed time: 0.044940 seconds (0d 0h 0m 0s)

---------------  T H R E A D  ---------------

Current thread (0x000001e3d560ff70):  JavaThread "Unknown thread" [_thread_in_vm, id=5684, stack(0x000000b3dcc00000,0x000000b3dcd00000)]

Stack: [0x000000b3dcc00000,0x000000b3dcd00000]
Native frames: (J=compiled Java code, j=interpreted, Vv=VM code, C=native code)
V  [jvm.dll+0x685a2a]
V  [jvm.dll+0x82ae8d]
V  [jvm.dll+0x82c75e]
V  [jvm.dll+0x82ce03]
V  [jvm.dll+0x25ef4b]
V  [jvm.dll+0x6828ca]
V  [jvm.dll+0x67745a]
V  [jvm.dll+0x3243f9]
V  [jvm.dll+0x32ba86]
V  [jvm.dll+0x37e00a]
V  [jvm.dll+0x37e24f]
V  [jvm.dll+0x2fb50a]
V  [jvm.dll+0x2fc581]
V  [jvm.dll+0x7fb300]
V  [jvm.dll+0x38af71]
V  [jvm.dll+0x7dab95]
V  [jvm.dll+0x4058f3]
V  [jvm.dll+0x4072b1]
C  [jli.dll+0x519f]
C  [ucrtbase.dll+0x21bb2]
C  [KERNEL32.DLL+0x17034]
C  [ntdll.dll+0x526a1]


---------------  P R O C E S S  ---------------

Threads class SMR info:
_java_thread_list=0x00007ff9fd939610, length=0, elements={
}

Java Threads: ( => current thread )

Other Threads:
  0x000001e3d566f840 WorkerThread "GC Thread#0" [stack: 0x000000b3dcd00000,0x000000b3dce00000] [id=15652]
  0x000001e3d351c5f0 ConcurrentGCThread "G1 Main Marker" [stack: 0x000000b3dce00000,0x000000b3dcf00000] [id=8092]
  0x000001e3d351e740 WorkerThread "G1 Conc#0" [stack: 0x000000b3dcf00000,0x000000b3dd000000] [id=9652]

[error occurred during error reporting (printing all threads), id 0xc0000005, EXCEPTION_ACCESS_VIOLATION (0xc0000005) at pc=0x00007ff9fd10c5c7]

VM state: not at safepoint (not fully initialized)

VM Mutex/Monitor currently owned by a thread:  ([mutex/lock_event])
[0x000001e3d560cea0] Heap_lock - owner thread: 0x000001e3d560ff70

Heap address: 0x0000000080e00000, size: 2034 MB, Compressed Oops mode: 32-bit

CDS archive(s) mapped at: [0x0000000000000000-0x0000000000000000-0x0000000000000000), size 0, SharedBaseAddress: 0x0000000800000000, ArchiveRelocationMode: 0.
Narrow klass base: 0x0000000000000000, Narrow klass shift: 0, Narrow klass range: 0x0

GC Precious Log:
 CardTable entry size: 512
 Card Set container configuration: InlinePtr #cards 5 size 8 Array Of Cards #cards 12 size 40 Howl #buckets 4 coarsen threshold 1843 Howl Bitmap #cards 512 size 80 coarsen threshold 460 Card regions per heap region 1 cards per card region 2048

Heap:
 garbage-first heap   total 0K, used 0K [0x0000000080e00000, 0x0000000100000000)
  region size 1024K, 0 young (0K), 0 survivors (0K)

[error occurred during error reporting (printing heap information), id 0xc0000005, EXCEPTION_ACCESS_VIOLATION (0xc0000005) at pc=0x00007ff9fd4dd5a9]

GC Heap History (0 events):
No events

Deoptimization events (0 events):
No events

Classes loaded (0 events):
No events

Classes unloaded (0 events):
No events

Classes redefined (0 events):
No events

Internal exceptions (0 events):
No events

VM Operations (0 events):
No events

Events (2 events):
Event: 0.028 Loaded shared library C:\Users\anfdm\.jdks\corretto-18.0.2\bin\java.dll
Event: 0.029 Loaded shared library C:\Users\anfdm\.jdks\corretto-18.0.2\bin\zip.dll


Dynamic libraries:
0x00007ff7cf260000 - 0x00007ff7cf26d000 	C:\Users\anfdm\.jdks\corretto-18.0.2\bin\java.exe
0x00007ffa474f0000 - 0x00007ffa476e8000 	C:\Windows\SYSTEM32\ntdll.dll
0x00007ffa473f0000 - 0x00007ffa474ad000 	C:\Windows\System32\KERNEL32.DLL
0x00007ffa44c80000 - 0x00007ffa44f52000 	C:\Windows\System32\KERNELBASE.dll
0x00007ffa45230000 - 0x00007ffa45330000 	C:\Windows\System32\ucrtbase.dll
0x00007ffa3aa00000 - 0x00007ffa3aa15000 	C:\Users\anfdm\.jdks\corretto-18.0.2\bin\VCRUNTIME140.dll
0x00007ffa3aa20000 - 0x00007ffa3aa37000 	C:\Users\anfdm\.jdks\corretto-18.0.2\bin\jli.dll
0x00007ffa46730000 - 0x00007ffa468cd000 	C:\Windows\System32\USER32.dll
0x00007ffa307f0000 - 0x00007ffa30a8a000 	C:\Windows\WinSxS\amd64_microsoft.windows.common-controls_6595b64144ccf1df_6.0.19041.1110_none_60b5254171f9507e\COMCTL32.dll
0x00007ffa44c00000 - 0x00007ffa44c22000 	C:\Windows\System32\win32u.dll
0x00007ffa461b0000 - 0x00007ffa4624e000 	C:\Windows\System32\msvcrt.dll
0x00007ffa459c0000 - 0x00007ffa459eb000 	C:\Windows\System32\GDI32.dll
0x00007ffa453d0000 - 0x00007ffa454df000 	C:\Windows\System32\gdi32full.dll
0x00007ffa45330000 - 0x00007ffa453cd000 	C:\Windows\System32\msvcp_win.dll
0x00007ffa463f0000 - 0x00007ffa46420000 	C:\Windows\System32\IMM32.DLL
0x00007ffa16880000 - 0x00007ffa1691b000 	C:\Users\anfdm\.jdks\corretto-18.0.2\bin\msvcp140.dll
0x00007ff9fce00000 - 0x00007ff9fda71000 	C:\Users\anfdm\.jdks\corretto-18.0.2\bin\server\jvm.dll
0x00007ffa46340000 - 0x00007ffa463ee000 	C:\Windows\System32\ADVAPI32.dll
0x00007ffa46690000 - 0x00007ffa4672c000 	C:\Windows\System32\sechost.dll
0x00007ffa46420000 - 0x00007ffa46545000 	C:\Windows\System32\RPCRT4.dll
0x00007ffa46330000 - 0x00007ffa46338000 	C:\Windows\System32\PSAPI.DLL
0x00007ffa3fd30000 - 0x00007ffa3fd39000 	C:\Windows\SYSTEM32\WSOCK32.dll
0x00007ffa3bf20000 - 0x00007ffa3bf47000 	C:\Windows\SYSTEM32\WINMM.dll
0x00007ffa3d460000 - 0x00007ffa3d46a000 	C:\Windows\SYSTEM32\VERSION.dll
0x00007ffa47160000 - 0x00007ffa471cb000 	C:\Windows\System32\WS2_32.dll
0x00007ffa42ad0000 - 0x00007ffa42ae2000 	C:\Windows\SYSTEM32\kernel.appcore.dll
0x00007ffa3a9f0000 - 0x00007ffa3a9fa000 	C:\Users\anfdm\.jdks\corretto-18.0.2\bin\jimage.dll
0x00007ffa31620000 - 0x00007ffa31804000 	C:\Windows\SYSTEM32\DBGHELP.DLL
0x00007ffa302e0000 - 0x00007ffa3030c000 	C:\Windows\SYSTEM32\dbgcore.DLL
0x00007ffa451a0000 - 0x00007ffa45222000 	C:\Windows\System32\bcryptPrimitives.dll
0x00007ffa280f0000 - 0x00007ffa2812a000 	C:\Users\anfdm\.jdks\corretto-18.0.2\bin\jdwp.dll
0x00007ffa31f80000 - 0x00007ffa31f8e000 	C:\Users\anfdm\.jdks\corretto-18.0.2\bin\instrument.dll
0x00007ffa39100000 - 0x00007ffa39125000 	C:\Users\anfdm\.jdks\corretto-18.0.2\bin\java.dll
0x00007ffa332c0000 - 0x00007ffa332d8000 	C:\Users\anfdm\.jdks\corretto-18.0.2\bin\zip.dll

dbghelp: loaded successfully - version: 4.0.5 - missing functions: none
symbol engine: initialized successfully - sym options: 0x614 - pdb path: .;C:\Users\anfdm\.jdks\corretto-18.0.2\bin;C:\Windows\SYSTEM32;C:\Windows\WinSxS\amd64_microsoft.windows.common-controls_6595b64144ccf1df_6.0.19041.1110_none_60b5254171f9507e;C:\Users\anfdm\.jdks\corretto-18.0.2\bin\server

VM Arguments:
jvm_args: -agentlib:jdwp=transport=dt_socket,address=127.0.0.1:51711,suspend=y,server=n -javaagent:C:\Users\anfdm\AppData\Local\JetBrains\IntelliJIdea2022.2\captureAgent\debugger-agent.jar -Dfile.encoding=UTF-8 -Dsun.stdout.encoding=UTF-8 -Dsun.stderr.encoding=UTF-8 --module-path=C:\Users\anfdm\.m2\repository\org\openjfx\javafx-fxml\18.0.1\javafx-fxml-18.0.1-win.jar;C:\Users\anfdm\.m2\repository\org\openjfx\javafx-base\18.0.1\javafx-base-18.0.1-win.jar;C:\Users\anfdm\.m2\repository\org\openjfx\javafx-controls\18.0.1\javafx-controls-18.0.1-win.jar;C:\Users\anfdm\.m2\repository\org\openjfx\javafx-graphics\18.0.1\javafx-graphics-18.0.1-win.jar;D:\Download\CraftingFarm\target\classes -Djdk.module.main=project.java.craftingfarm 
java_command: project.java.craftingfarm/project.java.craftingfarm.ScreenStart
java_class_path (initial): C:\Users\anfdm\.m2\repository\org\openjfx\javafx-controls\18.0.1\javafx-controls-18.0.1.jar;C:\Users\anfdm\.m2\repository\org\openjfx\javafx-graphics\18.0.1\javafx-graphics-18.0.1.jar;C:\Users\anfdm\.m2\repository\org\openjfx\javafx-base\18.0.1\javafx-base-18.0.1.jar;C:\Users\anfdm\.m2\repository\org\openjfx\javafx-fxml\18.0.1\javafx-fxml-18.0.1.jar;D:\JetBrains\IntelliJ IDEA 2022.2.3\lib\idea_rt.jar
Launcher Type: SUN_STANDARD

[Global flags]
     intx CICompilerCount                          = 3                                         {product} {ergonomic}
     uint ConcGCThreads                            = 2                                         {product} {ergonomic}
     uint G1ConcRefinementThreads                  = 6                                         {product} {ergonomic}
   size_t G1HeapRegionSize                         = 1048576                                   {product} {ergonomic}
    uintx GCDrainStackTargetSize                   = 64                                        {product} {ergonomic}
   size_t InitialHeapSize                          = 134217728                                 {product} {ergonomic}
   size_t MarkStackSize                            = 4194304                                   {product} {ergonomic}
   size_t MaxHeapSize                              = 2132803584                                {product} {ergonomic}
   size_t MinHeapDeltaBytes                        = 1048576                                   {product} {ergonomic}
   size_t MinHeapSize                              = 8388608                                   {product} {ergonomic}
    uintx NonNMethodCodeHeapSize                   = 5832780                                {pd product} {ergonomic}
    uintx NonProfiledCodeHeapSize                  = 122912730                              {pd product} {ergonomic}
    uintx ProfiledCodeHeapSize                     = 122912730                              {pd product} {ergonomic}
    uintx ReservedCodeCacheSize                    = 251658240                              {pd product} {ergonomic}
     bool SegmentedCodeCache                       = true                                      {product} {ergonomic}
   size_t SoftMaxHeapSize                          = 2132803584                             {manageable} {ergonomic}
     bool UseCompressedClassPointers               = true                           {product lp64_product} {ergonomic}
     bool UseCompressedOops                        = true                           {product lp64_product} {ergonomic}
     bool UseG1GC                                  = true                                      {product} {ergonomic}
     bool UseLargePagesIndividualAllocation        = false                                  {pd product} {ergonomic}

Logging:
Log output configuration:
 #0: stdout all=warning uptime,level,tags foldmultilines=false
 #1: stderr all=off uptime,level,tags foldmultilines=false

Environment Variables:
PATH=C:\Windows\system32;C:\Windows;C:\Windows\System32\Wbem;C:\Windows\System32\WindowsPowerShell\v1.0\;C:\Windows\System32\OpenSSH\;C:\Users\anfdm\AppData\Local\Microsoft\WindowsApps;;D:\JetBrains\IntelliJ IDEA 2022.2.3\bin;;D:\JetBrains\PhpStorm 2022.2.3\bin;
USERNAME=anfdm
OS=Windows_NT
PROCESSOR_IDENTIFIER=Intel64 Family 6 Model 158 Stepping 10, GenuineIntel



---------------  S Y S T E M  ---------------

OS:
 Windows 10 , 64 bit Build 19041 (10.0.19041.1889)
OS uptime: 7 days 8:50 hours

CPU: total 6 (initial active 6) (6 cores per cpu, 1 threads per core) family 6 model 158 stepping 10 microcode 0xb4, cx8, cmov, fxsr, mmx, 3dnowpref, sse, sse2, sse3, ssse3, sse4.1, sse4.2, popcnt, lzcnt, tsc, tscinvbit, avx, avx2, aes, erms, clmul, bmi1, bmi2, adx, fma, vzeroupper, clflush, clflushopt

Memory: 4k page, system-wide physical 8134M (1088M free)
TotalPageFile size 10182M (AvailPageFile size 23M)
current process WorkingSet (physical memory assigned to process): 10M, peak: 10M
current process commit charge ("private bytes"): 56M, peak: 184M

vm_info: OpenJDK 64-Bit Server VM (18.0.2+9-FR) for windows-amd64 JRE (18.0.2+9-FR), built on Jul 15 2022 20:03:03 by "Administrator" with MS VC++ 15.9 (VS2017)

END.
