#
# There is insufficient memory for the Java Runtime Environment to continue.
# Native memory allocation (malloc) failed to allocate 1069136 bytes for Chunk::new
# Possible reasons:
#   The system is out of physical RAM or swap space
#   The process is running with CompressedOops enabled, and the Java Heap may be blocking the growth of the native heap
# Possible solutions:
#   Reduce memory load on the system
#   Increase physical memory or swap space
#   Check if swap backing store is full
#   Decrease Java heap size (-Xmx/-Xms)
#   Decrease number of Java threads
#   Decrease Java thread stack sizes (-Xss)
#   Set larger code cache with -XX:ReservedCodeCacheSize=
#   JVM is running with Unscaled Compressed Oops mode in which the Java heap is
#     placed in the first 4GB address space. The Java Heap base address is the
#     maximum limit for the native heap growth. Please use -XX:HeapBaseMinAddress
#     to set the Java Heap base and to place the Java Heap above 4GB virtual address.
# This output file may be truncated or incomplete.
#
#  Out of Memory Error (arena.cpp:184), pid=6432, tid=13112
#
# JRE version: OpenJDK Runtime Environment Corretto-18.0.2.9.1 (18.0.2+9) (build 18.0.2+9-FR)
# Java VM: OpenJDK 64-Bit Server VM Corretto-18.0.2.9.1 (18.0.2+9-FR, mixed mode, sharing, tiered, compressed oops, compressed class ptrs, g1 gc, windows-amd64)
# No core dump will be written. Minidumps are not enabled by default on client versions of Windows
#

---------------  S U M M A R Y ------------

Command Line: -javaagent:D:\JetBrains\IntelliJ IDEA 2022.2.3\lib\idea_rt.jar=64291:D:\JetBrains\IntelliJ IDEA 2022.2.3\bin -Dfile.encoding=UTF-8 -Dsun.stdout.encoding=UTF-8 -Dsun.stderr.encoding=UTF-8 --module-path=C:\Users\anfdm\.m2\repository\org\openjfx\javafx-graphics\18.0.1\javafx-graphics-18.0.1-win.jar;D:\Download\CraftingFarm\target\classes;C:\Users\anfdm\.m2\repository\org\openjfx\javafx-controls\18.0.1\javafx-controls-18.0.1-win.jar;C:\Users\anfdm\.m2\repository\org\openjfx\javafx-fxml\18.0.1\javafx-fxml-18.0.1-win.jar;C:\Users\anfdm\.m2\repository\org\openjfx\javafx-base\18.0.1\javafx-base-18.0.1-win.jar -Djdk.module.main=project.java.craftingfarm project.java.craftingfarm/project.java.craftingfarm.ScreenStart

Host: Intel(R) Core(TM) i5-9400F CPU @ 2.90GHz, 6 cores, 7G,  Windows 10 , 64 bit Build 19041 (10.0.19041.1889)
Time: Tue Oct 25 00:10:26 2022  Windows 10 , 64 bit Build 19041 (10.0.19041.1889) elapsed time: 1.547299 seconds (0d 0h 0m 1s)

---------------  T H R E A D  ---------------

Current thread (0x000002054f982970):  JavaThread "C2 CompilerThread1" daemon [_thread_in_native, id=13112, stack(0x0000004e4fc00000,0x0000004e4fd00000)]


Current CompileTask:
C2:   1547 2073       4       java.lang.invoke.MethodType::makeImpl (109 bytes)

Stack: [0x0000004e4fc00000,0x0000004e4fd00000]
Native frames: (J=compiled Java code, j=interpreted, Vv=VM code, C=native code)
V  [jvm.dll+0x685a2a]
V  [jvm.dll+0x82ae8d]
V  [jvm.dll+0x82c75e]
V  [jvm.dll+0x82ce03]
V  [jvm.dll+0x25ef4b]
V  [jvm.dll+0xd42d2]
V  [jvm.dll+0xd4665]
V  [jvm.dll+0x385751]
V  [jvm.dll+0x34d82a]
V  [jvm.dll+0x34cc1a]
V  [jvm.dll+0x233a65]
V  [jvm.dll+0x232f37]
V  [jvm.dll+0x1c0a35]
V  [jvm.dll+0x24212c]
V  [jvm.dll+0x240534]
V  [jvm.dll+0x7df6db]
V  [jvm.dll+0x7d9cba]
V  [jvm.dll+0x6848a5]
C  [ucrtbase.dll+0x21bb2]
C  [KERNEL32.DLL+0x17034]
C  [ntdll.dll+0x526a1]


---------------  P R O C E S S  ---------------

Threads class SMR info:
_java_thread_list=0x000002055076a8b0, length=21, elements={
0x000002052d6aacc0, 0x000002054b6d4e90, 0x000002054b6d6b00, 0x000002054b6f14c0,
0x000002054b6f1e60, 0x000002054b6f2e10, 0x000002054b6f38f0, 0x000002054b6f7c00,
0x000002054b6fac80, 0x000002054b6ff680, 0x000002054f8b8670, 0x000002054f982970,
0x000002054fff6970, 0x000002054fc27dc0, 0x0000020550498090, 0x000002055052e530,
0x0000020550312940, 0x00000205503ed300, 0x00000205503fe610, 0x0000020550823020,
0x000002055085d530
}

Java Threads: ( => current thread )
  0x000002052d6aacc0 JavaThread "main" [_thread_blocked, id=15732, stack(0x0000004e4eb00000,0x0000004e4ec00000)]
  0x000002054b6d4e90 JavaThread "Reference Handler" daemon [_thread_blocked, id=10124, stack(0x0000004e4f200000,0x0000004e4f300000)]
  0x000002054b6d6b00 JavaThread "Finalizer" daemon [_thread_blocked, id=5200, stack(0x0000004e4f300000,0x0000004e4f400000)]
  0x000002054b6f14c0 JavaThread "Signal Dispatcher" daemon [_thread_blocked, id=404, stack(0x0000004e4f400000,0x0000004e4f500000)]
  0x000002054b6f1e60 JavaThread "Attach Listener" daemon [_thread_blocked, id=9136, stack(0x0000004e4f500000,0x0000004e4f600000)]
  0x000002054b6f2e10 JavaThread "Service Thread" daemon [_thread_blocked, id=5104, stack(0x0000004e4f600000,0x0000004e4f700000)]
  0x000002054b6f38f0 JavaThread "Monitor Deflation Thread" daemon [_thread_blocked, id=904, stack(0x0000004e4f700000,0x0000004e4f800000)]
  0x000002054b6f7c00 JavaThread "C2 CompilerThread0" daemon [_thread_blocked, id=11764, stack(0x0000004e4f800000,0x0000004e4f900000)]
  0x000002054b6fac80 JavaThread "C1 CompilerThread0" daemon [_thread_blocked, id=1084, stack(0x0000004e4f900000,0x0000004e4fa00000)]
  0x000002054b6ff680 JavaThread "Sweeper thread" daemon [_thread_blocked, id=544, stack(0x0000004e4fa00000,0x0000004e4fb00000)]
  0x000002054f8b8670 JavaThread "Common-Cleaner" daemon [_thread_blocked, id=964, stack(0x0000004e4fb00000,0x0000004e4fc00000)]
=>0x000002054f982970 JavaThread "C2 CompilerThread1" daemon [_thread_in_native, id=13112, stack(0x0000004e4fc00000,0x0000004e4fd00000)]
  0x000002054fff6970 JavaThread "Monitor Ctrl-Break" daemon [_thread_in_native, id=7332, stack(0x0000004e4fd00000,0x0000004e4fe00000)]
  0x000002054fc27dc0 JavaThread "Notification Thread" daemon [_thread_blocked, id=6364, stack(0x0000004e4fe00000,0x0000004e4ff00000)]
  0x0000020550498090 JavaThread "QuantumRenderer-0" daemon [_thread_blocked, id=15404, stack(0x0000004e50000000,0x0000004e50100000)]
  0x000002055052e530 JavaThread "InvokeLaterDispatcher" daemon [_thread_blocked, id=10276, stack(0x0000004e50100000,0x0000004e50200000)]
  0x0000020550312940 JavaThread "JavaFX Application Thread" [_thread_in_native, id=10400, stack(0x0000004e50200000,0x0000004e50300000)]
  0x00000205503ed300 JavaThread "JavaFX-Launcher" [_thread_blocked, id=7276, stack(0x0000004e50400000,0x0000004e50500000)]
  0x00000205503fe610 JavaThread "Thread-2" daemon [_thread_in_native, id=15532, stack(0x0000004e50300000,0x0000004e50400000)]
  0x0000020550823020 JavaThread "Prism Font Disposer" daemon [_thread_blocked, id=8432, stack(0x0000004e50a00000,0x0000004e50b00000)]
  0x000002055085d530 JavaThread "Cleaner-0" daemon [_thread_blocked, id=5976, stack(0x0000004e50f00000,0x0000004e51000000)]

Other Threads:
  0x000002054b6cde80 VMThread "VM Thread" [stack: 0x0000004e4f100000,0x0000004e4f200000] [id=2696]
  0x000002054fb6c3a0 WatcherThread "VM Periodic Task Thread" [stack: 0x0000004e4ff00000,0x0000004e50000000] [id=15976]
  0x000002052d709f10 WorkerThread "GC Thread#0" [stack: 0x0000004e4ec00000,0x0000004e4ed00000] [id=13592]
  0x00000205503ea300 WorkerThread "GC Thread#1" [stack: 0x0000004e50500000,0x0000004e50600000] [id=6080]
  0x0000020550433bb0 WorkerThread "GC Thread#2" [stack: 0x0000004e50600000,0x0000004e50700000] [id=14308]
  0x000002055043d730 WorkerThread "GC Thread#3" [stack: 0x0000004e50700000,0x0000004e50800000] [id=10328]
  0x000002055044ec00 WorkerThread "GC Thread#4" [stack: 0x0000004e50800000,0x0000004e50900000] [id=6728]
  0x000002055042a260 WorkerThread "GC Thread#5" [stack: 0x0000004e50900000,0x0000004e50a00000] [id=12924]
  0x000002052d71ac80 ConcurrentGCThread "G1 Main Marker" [stack: 0x0000004e4ed00000,0x0000004e4ee00000] [id=7932]
  0x000002052d71beb0 WorkerThread "G1 Conc#0" [stack: 0x0000004e4ee00000,0x0000004e4ef00000] [id=8844]
  0x000002052d762f50 ConcurrentGCThread "G1 Refine#0" [stack: 0x0000004e4ef00000,0x0000004e4f000000] [id=6912]
  0x000002052d763860 ConcurrentGCThread "G1 Service" [stack: 0x0000004e4f000000,0x0000004e4f100000] [id=12856]

Threads with active compile tasks:
C2 CompilerThread1     1587 2073       4       java.lang.invoke.MethodType::makeImpl (109 bytes)

VM state: not at safepoint (normal execution)

VM Mutex/Monitor currently owned by a thread: None

Heap address: 0x0000000080e00000, size: 2034 MB, Compressed Oops mode: 32-bit

CDS archive(s) mapped at: [0x0000000800000000-0x0000000800ba0000-0x0000000800ba0000), size 12189696, SharedBaseAddress: 0x0000000800000000, ArchiveRelocationMode: 0.
Compressed class space mapped at: 0x0000000800c00000-0x0000000840c00000, reserved size: 1073741824
Narrow klass base: 0x0000000800000000, Narrow klass shift: 0, Narrow klass range: 0x100000000

GC Precious Log:
 CardTable entry size: 512
 Card Set container configuration: InlinePtr #cards 5 size 8 Array Of Cards #cards 12 size 40 Howl #buckets 4 coarsen threshold 1843 Howl Bitmap #cards 512 size 80 coarsen threshold 460 Card regions per heap region 1 cards per card region 2048
 CPUs: 6 total, 6 available
 Memory: 8134M
 Large Page Support: Disabled
 NUMA Support: Disabled
 Compressed Oops: Enabled (32-bit)
 Heap Region Size: 1M
 Heap Min Capacity: 8M
 Heap Initial Capacity: 128M
 Heap Max Capacity: 2034M
 Pre-touch: Disabled
 Parallel Workers: 6
 Concurrent Workers: 2
 Concurrent Refinement Workers: 6
 Periodic GC: Disabled

Heap:
 garbage-first heap   total 131072K, used 37083K [0x0000000080e00000, 0x0000000100000000)
  region size 1024K, 17 young (17408K), 4 survivors (4096K)
 Metaspace       used 14906K, committed 15168K, reserved 1114112K
  class space    used 2120K, committed 2240K, reserved 1048576K

Heap Regions: E=young(eden), S=young(survivor), O=old, HS=humongous(starts), HC=humongous(continues), CS=collection set, F=free, OA=open archive, CA=closed archive, TAMS=top-at-mark-start (previous, next)
|   0|0x0000000080e00000, 0x0000000080f00000, 0x0000000080f00000|100%|HS|  |TAMS 0x0000000080e00000, 0x0000000080e00000| Complete 
|   1|0x0000000080f00000, 0x0000000081000000, 0x0000000081000000|100%|HC|  |TAMS 0x0000000080f00000, 0x0000000080f00000| Complete 
|   2|0x0000000081000000, 0x0000000081100000, 0x0000000081100000|100%|HC|  |TAMS 0x0000000081000000, 0x0000000081000000| Complete 
|   3|0x0000000081100000, 0x0000000081200000, 0x0000000081200000|100%|HC|  |TAMS 0x0000000081100000, 0x0000000081100000| Complete 
|   4|0x0000000081200000, 0x0000000081300000, 0x0000000081300000|100%|HC|  |TAMS 0x0000000081200000, 0x0000000081200000| Complete 
|   5|0x0000000081300000, 0x0000000081400000, 0x0000000081400000|100%|HC|  |TAMS 0x0000000081300000, 0x0000000081300000| Complete 
|   6|0x0000000081400000, 0x0000000081500000, 0x0000000081500000|100%|HC|  |TAMS 0x0000000081400000, 0x0000000081400000| Complete 
|   7|0x0000000081500000, 0x0000000081600000, 0x0000000081600000|100%|HC|  |TAMS 0x0000000081500000, 0x0000000081500000| Complete 
|   8|0x0000000081600000, 0x0000000081700000, 0x0000000081700000|100%|HS|  |TAMS 0x0000000081600000, 0x0000000081600000| Complete 
|   9|0x0000000081700000, 0x0000000081800000, 0x0000000081800000|100%|HC|  |TAMS 0x0000000081700000, 0x0000000081700000| Complete 
|  10|0x0000000081800000, 0x0000000081900000, 0x0000000081900000|100%| O|  |TAMS 0x0000000081800000, 0x0000000081800000| Untracked 
|  11|0x0000000081900000, 0x0000000081a00000, 0x0000000081a00000|100%| O|  |TAMS 0x0000000081900000, 0x0000000081900000| Untracked 
|  12|0x0000000081a00000, 0x0000000081b00000, 0x0000000081b00000|100%| O|  |TAMS 0x0000000081a00000, 0x0000000081a00000| Untracked 
|  13|0x0000000081b00000, 0x0000000081b36e00, 0x0000000081c00000| 21%| O|  |TAMS 0x0000000081b00000, 0x0000000081b00000| Untracked 
|  14|0x0000000081c00000, 0x0000000081d00000, 0x0000000081d00000|100%|HS|  |TAMS 0x0000000081c00000, 0x0000000081c00000| Complete 
|  15|0x0000000081d00000, 0x0000000081e00000, 0x0000000081e00000|100%|HC|  |TAMS 0x0000000081d00000, 0x0000000081d00000| Complete 
|  16|0x0000000081e00000, 0x0000000081f00000, 0x0000000081f00000|100%|HS|  |TAMS 0x0000000081e00000, 0x0000000081e00000| Complete 
|  17|0x0000000081f00000, 0x0000000082000000, 0x0000000082000000|100%|HC|  |TAMS 0x0000000081f00000, 0x0000000081f00000| Complete 
|  18|0x0000000082000000, 0x0000000082100000, 0x0000000082100000|100%|HS|  |TAMS 0x0000000082000000, 0x0000000082000000| Complete 
|  19|0x0000000082100000, 0x0000000082200000, 0x0000000082200000|100%|HC|  |TAMS 0x0000000082100000, 0x0000000082100000| Complete 
|  20|0x0000000082200000, 0x0000000082300000, 0x0000000082300000|100%|HS|  |TAMS 0x0000000082200000, 0x0000000082200000| Complete 
|  21|0x0000000082300000, 0x0000000082400000, 0x0000000082400000|100%|HC|  |TAMS 0x0000000082300000, 0x0000000082300000| Complete 
|  22|0x0000000082400000, 0x0000000082400000, 0x0000000082500000|  0%| F|  |TAMS 0x0000000082400000, 0x0000000082400000| Untracked 
|  23|0x0000000082500000, 0x0000000082500000, 0x0000000082600000|  0%| F|  |TAMS 0x0000000082500000, 0x0000000082500000| Untracked 
|  24|0x0000000082600000, 0x0000000082600000, 0x0000000082700000|  0%| F|  |TAMS 0x0000000082600000, 0x0000000082600000| Untracked 
|  25|0x0000000082700000, 0x0000000082700000, 0x0000000082800000|  0%| F|  |TAMS 0x0000000082700000, 0x0000000082700000| Untracked 
|  26|0x0000000082800000, 0x0000000082800000, 0x0000000082900000|  0%| F|  |TAMS 0x0000000082800000, 0x0000000082800000| Untracked 
|  27|0x0000000082900000, 0x0000000082900000, 0x0000000082a00000|  0%| F|  |TAMS 0x0000000082900000, 0x0000000082900000| Untracked 
|  28|0x0000000082a00000, 0x0000000082a00000, 0x0000000082b00000|  0%| F|  |TAMS 0x0000000082a00000, 0x0000000082a00000| Untracked 
|  29|0x0000000082b00000, 0x0000000082b00000, 0x0000000082c00000|  0%| F|  |TAMS 0x0000000082b00000, 0x0000000082b00000| Untracked 
|  30|0x0000000082c00000, 0x0000000082c00000, 0x0000000082d00000|  0%| F|  |TAMS 0x0000000082c00000, 0x0000000082c00000| Untracked 
|  31|0x0000000082d00000, 0x0000000082d00000, 0x0000000082e00000|  0%| F|  |TAMS 0x0000000082d00000, 0x0000000082d00000| Untracked 
|  32|0x0000000082e00000, 0x0000000082e00000, 0x0000000082f00000|  0%| F|  |TAMS 0x0000000082e00000, 0x0000000082e00000| Untracked 
|  33|0x0000000082f00000, 0x0000000082f00000, 0x0000000083000000|  0%| F|  |TAMS 0x0000000082f00000, 0x0000000082f00000| Untracked 
|  34|0x0000000083000000, 0x0000000083000000, 0x0000000083100000|  0%| F|  |TAMS 0x0000000083000000, 0x0000000083000000| Untracked 
|  35|0x0000000083100000, 0x0000000083100000, 0x0000000083200000|  0%| F|  |TAMS 0x0000000083100000, 0x0000000083100000| Untracked 
|  36|0x0000000083200000, 0x0000000083200000, 0x0000000083300000|  0%| F|  |TAMS 0x0000000083200000, 0x0000000083200000| Untracked 
|  37|0x0000000083300000, 0x0000000083300000, 0x0000000083400000|  0%| F|  |TAMS 0x0000000083300000, 0x0000000083300000| Untracked 
|  38|0x0000000083400000, 0x0000000083400000, 0x0000000083500000|  0%| F|  |TAMS 0x0000000083400000, 0x0000000083400000| Untracked 
|  39|0x0000000083500000, 0x0000000083500000, 0x0000000083600000|  0%| F|  |TAMS 0x0000000083500000, 0x0000000083500000| Untracked 
|  40|0x0000000083600000, 0x0000000083600000, 0x0000000083700000|  0%| F|  |TAMS 0x0000000083600000, 0x0000000083600000| Untracked 
|  41|0x0000000083700000, 0x0000000083700000, 0x0000000083800000|  0%| F|  |TAMS 0x0000000083700000, 0x0000000083700000| Untracked 
|  42|0x0000000083800000, 0x0000000083800000, 0x0000000083900000|  0%| F|  |TAMS 0x0000000083800000, 0x0000000083800000| Untracked 
|  43|0x0000000083900000, 0x0000000083900000, 0x0000000083a00000|  0%| F|  |TAMS 0x0000000083900000, 0x0000000083900000| Untracked 
|  44|0x0000000083a00000, 0x0000000083a00000, 0x0000000083b00000|  0%| F|  |TAMS 0x0000000083a00000, 0x0000000083a00000| Untracked 
|  45|0x0000000083b00000, 0x0000000083b00000, 0x0000000083c00000|  0%| F|  |TAMS 0x0000000083b00000, 0x0000000083b00000| Untracked 
|  46|0x0000000083c00000, 0x0000000083c00000, 0x0000000083d00000|  0%| F|  |TAMS 0x0000000083c00000, 0x0000000083c00000| Untracked 
|  47|0x0000000083d00000, 0x0000000083d00000, 0x0000000083e00000|  0%| F|  |TAMS 0x0000000083d00000, 0x0000000083d00000| Untracked 
|  48|0x0000000083e00000, 0x0000000083e00000, 0x0000000083f00000|  0%| F|  |TAMS 0x0000000083e00000, 0x0000000083e00000| Untracked 
|  49|0x0000000083f00000, 0x0000000083f00000, 0x0000000084000000|  0%| F|  |TAMS 0x0000000083f00000, 0x0000000083f00000| Untracked 
|  50|0x0000000084000000, 0x0000000084000000, 0x0000000084100000|  0%| F|  |TAMS 0x0000000084000000, 0x0000000084000000| Untracked 
|  51|0x0000000084100000, 0x0000000084100000, 0x0000000084200000|  0%| F|  |TAMS 0x0000000084100000, 0x0000000084100000| Untracked 
|  52|0x0000000084200000, 0x0000000084200000, 0x0000000084300000|  0%| F|  |TAMS 0x0000000084200000, 0x0000000084200000| Untracked 
|  53|0x0000000084300000, 0x0000000084300000, 0x0000000084400000|  0%| F|  |TAMS 0x0000000084300000, 0x0000000084300000| Untracked 
|  54|0x0000000084400000, 0x0000000084400000, 0x0000000084500000|  0%| F|  |TAMS 0x0000000084400000, 0x0000000084400000| Untracked 
|  55|0x0000000084500000, 0x0000000084500000, 0x0000000084600000|  0%| F|  |TAMS 0x0000000084500000, 0x0000000084500000| Untracked 
|  56|0x0000000084600000, 0x0000000084600000, 0x0000000084700000|  0%| F|  |TAMS 0x0000000084600000, 0x0000000084600000| Untracked 
|  57|0x0000000084700000, 0x0000000084700000, 0x0000000084800000|  0%| F|  |TAMS 0x0000000084700000, 0x0000000084700000| Untracked 
|  58|0x0000000084800000, 0x0000000084800000, 0x0000000084900000|  0%| F|  |TAMS 0x0000000084800000, 0x0000000084800000| Untracked 
|  59|0x0000000084900000, 0x0000000084900000, 0x0000000084a00000|  0%| F|  |TAMS 0x0000000084900000, 0x0000000084900000| Untracked 
|  60|0x0000000084a00000, 0x0000000084a00000, 0x0000000084b00000|  0%| F|  |TAMS 0x0000000084a00000, 0x0000000084a00000| Untracked 
|  61|0x0000000084b00000, 0x0000000084b00000, 0x0000000084c00000|  0%| F|  |TAMS 0x0000000084b00000, 0x0000000084b00000| Untracked 
|  62|0x0000000084c00000, 0x0000000084c00000, 0x0000000084d00000|  0%| F|  |TAMS 0x0000000084c00000, 0x0000000084c00000| Untracked 
|  63|0x0000000084d00000, 0x0000000084d00000, 0x0000000084e00000|  0%| F|  |TAMS 0x0000000084d00000, 0x0000000084d00000| Untracked 
|  64|0x0000000084e00000, 0x0000000084e00000, 0x0000000084f00000|  0%| F|  |TAMS 0x0000000084e00000, 0x0000000084e00000| Untracked 
|  65|0x0000000084f00000, 0x0000000084f00000, 0x0000000085000000|  0%| F|  |TAMS 0x0000000084f00000, 0x0000000084f00000| Untracked 
|  66|0x0000000085000000, 0x0000000085000000, 0x0000000085100000|  0%| F|  |TAMS 0x0000000085000000, 0x0000000085000000| Untracked 
|  67|0x0000000085100000, 0x0000000085100000, 0x0000000085200000|  0%| F|  |TAMS 0x0000000085100000, 0x0000000085100000| Untracked 
|  68|0x0000000085200000, 0x0000000085200000, 0x0000000085300000|  0%| F|  |TAMS 0x0000000085200000, 0x0000000085200000| Untracked 
|  69|0x0000000085300000, 0x0000000085300000, 0x0000000085400000|  0%| F|  |TAMS 0x0000000085300000, 0x0000000085300000| Untracked 
|  70|0x0000000085400000, 0x0000000085400000, 0x0000000085500000|  0%| F|  |TAMS 0x0000000085400000, 0x0000000085400000| Untracked 
|  71|0x0000000085500000, 0x0000000085500000, 0x0000000085600000|  0%| F|  |TAMS 0x0000000085500000, 0x0000000085500000| Untracked 
|  72|0x0000000085600000, 0x0000000085600000, 0x0000000085700000|  0%| F|  |TAMS 0x0000000085600000, 0x0000000085600000| Untracked 
|  73|0x0000000085700000, 0x0000000085700000, 0x0000000085800000|  0%| F|  |TAMS 0x0000000085700000, 0x0000000085700000| Untracked 
|  74|0x0000000085800000, 0x0000000085800000, 0x0000000085900000|  0%| F|  |TAMS 0x0000000085800000, 0x0000000085800000| Untracked 
|  75|0x0000000085900000, 0x0000000085900000, 0x0000000085a00000|  0%| F|  |TAMS 0x0000000085900000, 0x0000000085900000| Untracked 
|  76|0x0000000085a00000, 0x0000000085a00000, 0x0000000085b00000|  0%| F|  |TAMS 0x0000000085a00000, 0x0000000085a00000| Untracked 
|  77|0x0000000085b00000, 0x0000000085b00000, 0x0000000085c00000|  0%| F|  |TAMS 0x0000000085b00000, 0x0000000085b00000| Untracked 
|  78|0x0000000085c00000, 0x0000000085c00000, 0x0000000085d00000|  0%| F|  |TAMS 0x0000000085c00000, 0x0000000085c00000| Untracked 
|  79|0x0000000085d00000, 0x0000000085d00000, 0x0000000085e00000|  0%| F|  |TAMS 0x0000000085d00000, 0x0000000085d00000| Untracked 
|  80|0x0000000085e00000, 0x0000000085e00000, 0x0000000085f00000|  0%| F|  |TAMS 0x0000000085e00000, 0x0000000085e00000| Untracked 
|  81|0x0000000085f00000, 0x0000000085f00000, 0x0000000086000000|  0%| F|  |TAMS 0x0000000085f00000, 0x0000000085f00000| Untracked 
|  82|0x0000000086000000, 0x0000000086000000, 0x0000000086100000|  0%| F|  |TAMS 0x0000000086000000, 0x0000000086000000| Untracked 
|  83|0x0000000086100000, 0x0000000086100000, 0x0000000086200000|  0%| F|  |TAMS 0x0000000086100000, 0x0000000086100000| Untracked 
|  84|0x0000000086200000, 0x0000000086200000, 0x0000000086300000|  0%| F|  |TAMS 0x0000000086200000, 0x0000000086200000| Untracked 
|  85|0x0000000086300000, 0x0000000086300000, 0x0000000086400000|  0%| F|  |TAMS 0x0000000086300000, 0x0000000086300000| Untracked 
|  86|0x0000000086400000, 0x0000000086400000, 0x0000000086500000|  0%| F|  |TAMS 0x0000000086400000, 0x0000000086400000| Untracked 
|  87|0x0000000086500000, 0x0000000086500000, 0x0000000086600000|  0%| F|  |TAMS 0x0000000086500000, 0x0000000086500000| Untracked 
|  88|0x0000000086600000, 0x0000000086600000, 0x0000000086700000|  0%| F|  |TAMS 0x0000000086600000, 0x0000000086600000| Untracked 
|  89|0x0000000086700000, 0x0000000086700000, 0x0000000086800000|  0%| F|  |TAMS 0x0000000086700000, 0x0000000086700000| Untracked 
|  90|0x0000000086800000, 0x0000000086800000, 0x0000000086900000|  0%| F|  |TAMS 0x0000000086800000, 0x0000000086800000| Untracked 
|  91|0x0000000086900000, 0x0000000086900000, 0x0000000086a00000|  0%| F|  |TAMS 0x0000000086900000, 0x0000000086900000| Untracked 
|  92|0x0000000086a00000, 0x0000000086a00000, 0x0000000086b00000|  0%| F|  |TAMS 0x0000000086a00000, 0x0000000086a00000| Untracked 
|  93|0x0000000086b00000, 0x0000000086c00000, 0x0000000086c00000|100%| S|CS|TAMS 0x0000000086b00000, 0x0000000086b00000| Complete 
|  94|0x0000000086c00000, 0x0000000086d00000, 0x0000000086d00000|100%| S|CS|TAMS 0x0000000086c00000, 0x0000000086c00000| Complete 
|  95|0x0000000086d00000, 0x0000000086e00000, 0x0000000086e00000|100%| S|CS|TAMS 0x0000000086d00000, 0x0000000086d00000| Complete 
|  96|0x0000000086e00000, 0x0000000086f00000, 0x0000000086f00000|100%| S|CS|TAMS 0x0000000086e00000, 0x0000000086e00000| Complete 
|  97|0x0000000086f00000, 0x0000000086f00000, 0x0000000087000000|  0%| F|  |TAMS 0x0000000086f00000, 0x0000000086f00000| Untracked 
|  98|0x0000000087000000, 0x0000000087000000, 0x0000000087100000|  0%| F|  |TAMS 0x0000000087000000, 0x0000000087000000| Untracked 
|  99|0x0000000087100000, 0x0000000087100000, 0x0000000087200000|  0%| F|  |TAMS 0x0000000087100000, 0x0000000087100000| Untracked 
| 100|0x0000000087200000, 0x0000000087200000, 0x0000000087300000|  0%| F|  |TAMS 0x0000000087200000, 0x0000000087200000| Untracked 
| 101|0x0000000087300000, 0x0000000087300000, 0x0000000087400000|  0%| F|  |TAMS 0x0000000087300000, 0x0000000087300000| Untracked 
| 102|0x0000000087400000, 0x0000000087400000, 0x0000000087500000|  0%| F|  |TAMS 0x0000000087400000, 0x0000000087400000| Untracked 
| 103|0x0000000087500000, 0x0000000087500000, 0x0000000087600000|  0%| F|  |TAMS 0x0000000087500000, 0x0000000087500000| Untracked 
| 104|0x0000000087600000, 0x0000000087600000, 0x0000000087700000|  0%| F|  |TAMS 0x0000000087600000, 0x0000000087600000| Untracked 
| 105|0x0000000087700000, 0x0000000087700000, 0x0000000087800000|  0%| F|  |TAMS 0x0000000087700000, 0x0000000087700000| Untracked 
| 106|0x0000000087800000, 0x0000000087800000, 0x0000000087900000|  0%| F|  |TAMS 0x0000000087800000, 0x0000000087800000| Untracked 
| 107|0x0000000087900000, 0x0000000087900000, 0x0000000087a00000|  0%| F|  |TAMS 0x0000000087900000, 0x0000000087900000| Untracked 
| 108|0x0000000087a00000, 0x0000000087a00000, 0x0000000087b00000|  0%| F|  |TAMS 0x0000000087a00000, 0x0000000087a00000| Untracked 
| 109|0x0000000087b00000, 0x0000000087b00000, 0x0000000087c00000|  0%| F|  |TAMS 0x0000000087b00000, 0x0000000087b00000| Untracked 
| 110|0x0000000087c00000, 0x0000000087c00000, 0x0000000087d00000|  0%| F|  |TAMS 0x0000000087c00000, 0x0000000087c00000| Untracked 
| 111|0x0000000087d00000, 0x0000000087d00000, 0x0000000087e00000|  0%| F|  |TAMS 0x0000000087d00000, 0x0000000087d00000| Untracked 
| 112|0x0000000087e00000, 0x0000000087e00000, 0x0000000087f00000|  0%| F|  |TAMS 0x0000000087e00000, 0x0000000087e00000| Untracked 
| 113|0x0000000087f00000, 0x0000000087f00000, 0x0000000088000000|  0%| F|  |TAMS 0x0000000087f00000, 0x0000000087f00000| Untracked 
| 114|0x0000000088000000, 0x0000000088000000, 0x0000000088100000|  0%| F|  |TAMS 0x0000000088000000, 0x0000000088000000| Untracked 
| 115|0x0000000088100000, 0x000000008814adb8, 0x0000000088200000| 29%| E|  |TAMS 0x0000000088100000, 0x0000000088100000| Complete 
| 116|0x0000000088200000, 0x0000000088300000, 0x0000000088300000|100%| E|CS|TAMS 0x0000000088200000, 0x0000000088200000| Complete 
| 117|0x0000000088300000, 0x0000000088400000, 0x0000000088400000|100%| E|CS|TAMS 0x0000000088300000, 0x0000000088300000| Complete 
| 118|0x0000000088400000, 0x0000000088500000, 0x0000000088500000|100%| E|CS|TAMS 0x0000000088400000, 0x0000000088400000| Complete 
| 119|0x0000000088500000, 0x0000000088600000, 0x0000000088600000|100%| E|CS|TAMS 0x0000000088500000, 0x0000000088500000| Complete 
| 120|0x0000000088600000, 0x0000000088700000, 0x0000000088700000|100%| E|CS|TAMS 0x0000000088600000, 0x0000000088600000| Complete 
| 121|0x0000000088700000, 0x0000000088800000, 0x0000000088800000|100%| E|CS|TAMS 0x0000000088700000, 0x0000000088700000| Complete 
| 122|0x0000000088800000, 0x0000000088900000, 0x0000000088900000|100%| E|CS|TAMS 0x0000000088800000, 0x0000000088800000| Complete 
| 123|0x0000000088900000, 0x0000000088a00000, 0x0000000088a00000|100%| E|CS|TAMS 0x0000000088900000, 0x0000000088900000| Complete 
| 124|0x0000000088a00000, 0x0000000088b00000, 0x0000000088b00000|100%| E|  |TAMS 0x0000000088a00000, 0x0000000088a00000| Complete 
| 125|0x0000000088b00000, 0x0000000088c00000, 0x0000000088c00000|100%| E|CS|TAMS 0x0000000088b00000, 0x0000000088b00000| Complete 
| 126|0x0000000088c00000, 0x0000000088d00000, 0x0000000088d00000|100%| E|CS|TAMS 0x0000000088c00000, 0x0000000088c00000| Complete 
| 127|0x0000000088d00000, 0x0000000088e00000, 0x0000000088e00000|100%| E|CS|TAMS 0x0000000088d00000, 0x0000000088d00000| Complete 

Card table byte_map: [0x0000020544790000,0x0000020544b90000] _byte_map_base: 0x0000020544389000

Marking Bits (Prev, Next): (CMBitMap*) 0x000002052d70a510, (CMBitMap*) 0x000002052d70a550
 Prev Bits: [0x0000020544f90000, 0x0000020546f58000)
 Next Bits: [0x0000020546f60000, 0x0000020548f28000)

Polling page: 0x000002052b680000

Metaspace:

Usage:
  Non-class:     12.49 MB used.
      Class:      2.07 MB used.
       Both:     14.56 MB used.

Virtual space:
  Non-class space:       64.00 MB reserved,      12.63 MB ( 20%) committed,  1 nodes.
      Class space:        1.00 GB reserved,       2.19 MB ( <1%) committed,  1 nodes.
             Both:        1.06 GB reserved,      14.81 MB (  1%) committed. 

Chunk freelists:
   Non-Class:  2.77 MB
       Class:  1.77 MB
        Both:  4.53 MB

MaxMetaspaceSize: unlimited
CompressedClassSpaceSize: 1.00 GB
Initial GC threshold: 21.00 MB
Current GC threshold: 21.00 MB
CDS: on
MetaspaceReclaimPolicy: balanced
 - commit_granule_bytes: 65536.
 - commit_granule_words: 8192.
 - virtual_space_node_default_size: 8388608.
 - enlarge_chunks_in_place: 1.
 - new_chunks_are_fully_committed: 0.
 - uncommit_free_chunks: 1.
 - use_allocation_guard: 0.


Internal statistics:

num_allocs_failed_limit: 0.
num_arena_births: 302.
num_arena_deaths: 0.
num_vsnodes_births: 2.
num_vsnodes_deaths: 0.
num_space_committed: 237.
num_space_uncommitted: 0.
num_chunks_returned_to_freelist: 0.
num_chunks_taken_from_freelist: 765.
num_chunk_merges: 0.
num_chunk_splits: 524.
num_chunks_enlarged: 393.
num_inconsistent_stats: 0.

CodeHeap 'non-profiled nmethods': size=120000Kb used=762Kb max_used=762Kb free=119237Kb
 bounds [0x000002053cd50000, 0x000002053cfc0000, 0x0000020544280000]
CodeHeap 'profiled nmethods': size=120000Kb used=3909Kb max_used=3909Kb free=116090Kb
 bounds [0x0000020535820000, 0x0000020535c00000, 0x000002053cd50000]
CodeHeap 'non-nmethods': size=5760Kb used=1423Kb max_used=1438Kb free=4336Kb
 bounds [0x0000020535280000, 0x00000205354f0000, 0x0000020535820000]
 total_blobs=2895 nmethods=2120 adapters=687
 compilation: enabled
              stopped_count=0, restarted_count=0
 full_count=0

Compilation events (20 events):
Event: 1.515 Thread 0x000002054b6fac80 nmethod 2088 0x0000020535be5190 code [0x0000020535be5340, 0x0000020535be55a8]
Event: 1.515 Thread 0x000002054b6fac80 2091       3       java.lang.invoke.MethodType::dropParameterTypes (162 bytes)
Event: 1.516 Thread 0x000002054b6fac80 nmethod 2091 0x0000020535be5690 code [0x0000020535be5980, 0x0000020535be6908]
Event: 1.516 Thread 0x000002054b6fac80 2089       3       java.util.Arrays::copyOfRange (11 bytes)
Event: 1.516 Thread 0x000002054b6fac80 nmethod 2089 0x0000020535be6e10 code [0x0000020535be6fc0, 0x0000020535be7108]
Event: 1.516 Thread 0x000002054b6fac80 2090       3       java.lang.invoke.DirectMethodHandle$Holder::invokeStatic (20 bytes)
Event: 1.516 Thread 0x000002054b6fac80 nmethod 2090 0x0000020535be7210 code [0x0000020535be73e0, 0x0000020535be7958]
Event: 1.516 Thread 0x000002054b6fac80 2092       3       java.lang.invoke.LambdaFormEditor::bindArgumentForm (269 bytes)
Event: 1.518 Thread 0x000002054b6fac80 nmethod 2092 0x0000020535be7a90 code [0x0000020535be7e40, 0x0000020535be9708]
Event: 1.519 Thread 0x000002054b6fac80 2096       3       java.util.Arrays$ArrayList::size (6 bytes)
Event: 1.519 Thread 0x000002054b6fac80 nmethod 2096 0x0000020535bea190 code [0x0000020535bea320, 0x0000020535bea438]
Event: 1.519 Thread 0x000002054b6fac80 2097       3       java.lang.invoke.Invokers::callSiteForm (308 bytes)
Event: 1.520 Thread 0x000002054b6fac80 nmethod 2097 0x0000020535bea510 code [0x0000020535bea840, 0x0000020535bebf08]
Event: 1.520 Thread 0x000002054b6fac80 2098       3       java.lang.invoke.BootstrapMethodInvoker::widenAndCast (47 bytes)
Event: 1.521 Thread 0x000002054b6fac80 nmethod 2098 0x0000020535bec810 code [0x0000020535beca80, 0x0000020535bed418]
Event: 1.522 Thread 0x000002054b6fac80 2100       3       sun.invoke.util.Wrapper::isDoubleWord (15 bytes)
Event: 1.522 Thread 0x000002054b6fac80 nmethod 2100 0x0000020535bed710 code [0x0000020535bed8a0, 0x0000020535beda18]
Event: 1.522 Thread 0x000002054b6fac80 2101       3       java.lang.invoke.BoundMethodHandle$Species_L::speciesData (4 bytes)
Event: 1.522 Thread 0x000002054b6fac80 nmethod 2101 0x0000020535beda90 code [0x0000020535bedc20, 0x0000020535bedd38]
Event: 1.524 Thread 0x000002054b6f7c00 nmethod 2087 0x000002053ce0c090 code [0x000002053ce0c240, 0x000002053ce0cab8]

GC Heap History (4 events):
Event: 0.565 GC heap before
{Heap before GC invocations=0 (full 0):
 garbage-first heap   total 131072K, used 20480K [0x0000000080e00000, 0x0000000100000000)
  region size 1024K, 21 young (21504K), 0 survivors (0K)
 Metaspace       used 5118K, committed 5312K, reserved 1114112K
  class space    used 589K, committed 704K, reserved 1048576K
}
Event: 0.567 GC heap after
{Heap after GC invocations=1 (full 0):
 garbage-first heap   total 131072K, used 3063K [0x0000000080e00000, 0x0000000100000000)
  region size 1024K, 3 young (3072K), 3 survivors (3072K)
 Metaspace       used 5118K, committed 5312K, reserved 1114112K
  class space    used 589K, committed 704K, reserved 1048576K
}
Event: 1.227 GC heap before
{Heap before GC invocations=1 (full 0):
 garbage-first heap   total 131072K, used 41975K [0x0000000080e00000, 0x0000000100000000)
  region size 1024K, 31 young (31744K), 3 survivors (3072K)
 Metaspace       used 12683K, committed 12992K, reserved 1114112K
  class space    used 1726K, committed 1856K, reserved 1048576K
}
Event: 1.232 GC heap after
{Heap after GC invocations=2 (full 0):
 garbage-first heap   total 131072K, used 17627K [0x0000000080e00000, 0x0000000100000000)
  region size 1024K, 4 young (4096K), 4 survivors (4096K)
 Metaspace       used 12683K, committed 12992K, reserved 1114112K
  class space    used 1726K, committed 1856K, reserved 1048576K
}

Deoptimization events (20 events):
Event: 1.367 Thread 0x0000020550312940 DEOPT PACKING pc=0x0000020535b70a1b sp=0x0000004e502fc720
Event: 1.367 Thread 0x0000020550312940 DEOPT UNPACKING pc=0x00000205352d2b43 sp=0x0000004e502fbbb0 mode 0
Event: 1.388 Thread 0x0000020550312940 DEOPT PACKING pc=0x0000020535b56e7f sp=0x0000004e502fcc30
Event: 1.388 Thread 0x0000020550312940 DEOPT UNPACKING pc=0x00000205352d2b43 sp=0x0000004e502fc0c0 mode 0
Event: 1.391 Thread 0x0000020550312940 DEOPT PACKING pc=0x0000020535b70a1b sp=0x0000004e502fcc30
Event: 1.391 Thread 0x0000020550312940 DEOPT UNPACKING pc=0x00000205352d2b43 sp=0x0000004e502fc0c0 mode 0
Event: 1.412 Thread 0x0000020550312940 DEOPT PACKING pc=0x0000020535b70a1b sp=0x0000004e502fcca0
Event: 1.412 Thread 0x0000020550312940 DEOPT UNPACKING pc=0x00000205352d2b43 sp=0x0000004e502fc130 mode 0
Event: 1.417 Thread 0x0000020550312940 DEOPT PACKING pc=0x0000020535b70a1b sp=0x0000004e502fc8d0
Event: 1.418 Thread 0x0000020550312940 DEOPT UNPACKING pc=0x00000205352d2b43 sp=0x0000004e502fbd60 mode 0
Event: 1.468 Thread 0x0000020550312940 DEOPT PACKING pc=0x0000020535b70a1b sp=0x0000004e502fcf00
Event: 1.468 Thread 0x0000020550312940 DEOPT UNPACKING pc=0x00000205352d2b43 sp=0x0000004e502fc390 mode 0
Event: 1.495 Thread 0x0000020550498090 Uncommon trap: trap_request=0xffffffde fr.pc=0x000002053cde118c relative=0x000000000000106c
Event: 1.495 Thread 0x0000020550498090 Uncommon trap: reason=class_check action=maybe_recompile pc=0x000002053cde118c method=java.io.BufferedInputStream.read1([BII)I @ 39 c2
Event: 1.495 Thread 0x0000020550498090 DEOPT PACKING pc=0x000002053cde118c sp=0x0000004e500fdd20
Event: 1.495 Thread 0x0000020550498090 DEOPT UNPACKING pc=0x00000205352d23a3 sp=0x0000004e500fdc88 mode 2
Event: 1.502 Thread 0x0000020550498090 Uncommon trap: trap_request=0xffffffde fr.pc=0x000002053cde118c relative=0x000000000000106c
Event: 1.502 Thread 0x0000020550498090 Uncommon trap: reason=class_check action=maybe_recompile pc=0x000002053cde118c method=java.io.BufferedInputStream.read1([BII)I @ 39 c2
Event: 1.502 Thread 0x0000020550498090 DEOPT PACKING pc=0x000002053cde118c sp=0x0000004e500fe0e0
Event: 1.502 Thread 0x0000020550498090 DEOPT UNPACKING pc=0x00000205352d23a3 sp=0x0000004e500fe048 mode 2

Classes loaded (20 events):
Event: 1.431 Loading class jdk/internal/icu/text/UTF16
Event: 1.431 Loading class jdk/internal/icu/text/UTF16 done
Event: 1.431 Loading class jdk/internal/icu/text/BidiLine
Event: 1.431 Loading class jdk/internal/icu/text/BidiLine done
Event: 1.450 Loading class java/util/WeakHashMap$EntrySet
Event: 1.450 Loading class java/util/WeakHashMap$EntrySet done
Event: 1.450 Loading class java/util/WeakHashMap$EntryIterator
Event: 1.451 Loading class java/util/WeakHashMap$EntryIterator done
Event: 1.452 Loading class java/util/ConcurrentModificationException
Event: 1.452 Loading class java/util/ConcurrentModificationException done
Event: 1.495 Loading class java/util/concurrent/ConcurrentLinkedQueue
Event: 1.495 Loading class java/util/concurrent/ConcurrentLinkedQueue done
Event: 1.495 Loading class java/util/concurrent/ConcurrentLinkedQueue$Node
Event: 1.495 Loading class java/util/concurrent/ConcurrentLinkedQueue$Node done
Event: 1.515 Loading class jdk/internal/ref/CleanerImpl$InnocuousThreadFactory
Event: 1.515 Loading class jdk/internal/ref/CleanerImpl$InnocuousThreadFactory done
Event: 1.521 Loading class sun/misc/Unsafe
Event: 1.521 Loading class sun/misc/Unsafe done
Event: 1.522 Loading class java/lang/invoke/DirectMethodHandle$StaticAccessor
Event: 1.522 Loading class java/lang/invoke/DirectMethodHandle$StaticAccessor done

Classes unloaded (0 events):
No events

Classes redefined (0 events):
No events

Internal exceptions (20 events):
Event: 0.829 Thread 0x0000020550312940 Exception <a 'sun/nio/fs/WindowsException'{0x0000000087e2d508}> (0x0000000087e2d508) 
thrown [s\src\hotspot\share\prims\jni.cpp, line 516]
Event: 0.869 Thread 0x0000020550312940 Exception <a 'java/io/FileNotFoundException'{0x0000000087d7bb38}> (0x0000000087d7bb38) 
thrown [s\src\hotspot\share\prims\jni.cpp, line 516]
Event: 0.898 Thread 0x0000020550312940 Exception <a 'java/io/FileNotFoundException'{0x0000000087b00c48}> (0x0000000087b00c48) 
thrown [s\src\hotspot\share\prims\jni.cpp, line 516]
Event: 0.913 Thread 0x0000020550312940 Exception <a 'java/io/FileNotFoundException'{0x0000000087bdae10}> (0x0000000087bdae10) 
thrown [s\src\hotspot\share\prims\jni.cpp, line 516]
Event: 1.202 Thread 0x0000020550312940 Exception <a 'java/lang/ClassNotFoundException'{0x00000000870873d0}: com/sun/javafx/scene/control/skin/resources/controls> (0x00000000870873d0) 
thrown [s\src\hotspot\share\prims\jni.cpp, line 535]
Event: 1.203 Thread 0x0000020550312940 Exception <a 'java/lang/ClassNotFoundException'{0x0000000087095370}: com/sun/javafx/scene/control/skin/resources/controls_ko> (0x0000000087095370) 
thrown [s\src\hotspot\share\prims\jni.cpp, line 535]
Event: 1.203 Thread 0x0000020550312940 Exception <a 'java/lang/ClassNotFoundException'{0x00000000870a3a20}: com/sun/javafx/scene/control/skin/resources/controls_ko_KR> (0x00000000870a3a20) 
thrown [s\src\hotspot\share\prims\jni.cpp, line 535]
Event: 1.237 Thread 0x0000020550312940 Implicit null exception at 0x000002053cdcdf8c to 0x000002053cdce21c
Event: 1.239 Thread 0x0000020550312940 Exception <a 'java/lang/NoSuchMethodError'{0x0000000088d60808}: 'void java.lang.invoke.DirectMethodHandle$Holder.invokeSpecial(java.lang.Object, java.lang.Object, java.lang.Object, java.lang.Object, java.lang.Object, java.lang.Object)'> (0x0000000088d60808) 
thrown [s\src\hotspot\share\interpreter\linkResolver.cpp, line 759]
Event: 1.241 Thread 0x0000020550312940 Exception <a 'java/lang/NoSuchMethodError'{0x0000000088d81630}: 'java.lang.Object java.lang.invoke.DirectMethodHandle$Holder.invokeInterface(java.lang.Object, java.lang.Object, java.lang.Object)'> (0x0000000088d81630) 
thrown [s\src\hotspot\share\interpreter\linkResolver.cpp, line 759]
Event: 1.242 Thread 0x0000020550312940 Exception <a 'java/lang/IncompatibleClassChangeError'{0x0000000088d84fb0}: Found class java.lang.Object, but interface was expected> (0x0000000088d84fb0) 
thrown [s\src\hotspot\share\interpreter\linkResolver.cpp, line 826]
Event: 1.244 Thread 0x0000020550312940 Implicit null exception at 0x000002053cdcd78c to 0x000002053cdcda10
Event: 1.419 Thread 0x0000020550312940 Exception <a 'java/lang/ClassCastException'{0x0000000088776fd8}: class java.lang.Double cannot be cast to class javafx.scene.paint.Paint (java.lang.Double is in module java.base of loader 'bootstrap'; javafx.scene.paint.Paint is in module javafx.graphics@18.0.1 of loader 'app')> (0x0000000088776fd8) 
thrown [s\src\hotspot\share\interpreter\interpreterRuntime.cpp, line 447]
Event: 1.431 Thread 0x0000020550312940 Exception <a 'java/lang/NoSuchMethodError'{0x0000000088657050}: 'int java.lang.invoke.DirectMethodHandle$Holder.invokeSpecial(java.lang.Object, java.lang.Object, int)'> (0x0000000088657050) 
thrown [s\src\hotspot\share\interpreter\linkResolver.cpp, line 759]
Event: 1.438 Thread 0x0000020550312940 Exception <a 'java/lang/NoSuchMethodError'{0x0000000088684730}: 'java.lang.Object java.lang.invoke.DirectMethodHandle$Holder.newInvokeSpecial(java.lang.Object, java.lang.Object, int)'> (0x0000000088684730) 
thrown [s\src\hotspot\share\interpreter\linkResolver.cpp, line 759]
Event: 1.483 Thread 0x0000020550498090 Exception <a 'java/lang/NoSuchMethodError'{0x00000000885e3fc8}: 'int java.lang.invoke.DirectMethodHandle$Holder.invokeStaticInit(java.lang.Object, java.lang.Object)'> (0x00000000885e3fc8) 
thrown [s\src\hotspot\share\interpreter\linkResolver.cpp, line 759]
Event: 1.495 Thread 0x0000020550312940 Exception <a 'java/lang/NoSuchMethodError'{0x00000000885b1ab0}: 'long java.lang.invoke.DirectMethodHandle$Holder.invokeStatic(java.lang.Object, java.lang.Object, java.lang.Object)'> (0x00000000885b1ab0) 
thrown [s\src\hotspot\share\interpreter\linkResolver.cpp, line 759]
Event: 1.496 Thread 0x0000020550312940 Exception <a 'java/lang/NoSuchMethodError'{0x00000000885b5250}: 'long java.lang.invoke.DirectMethodHandle$Holder.invokeStaticInit(java.lang.Object, java.lang.Object, java.lang.Object)'> (0x00000000885b5250) 
thrown [s\src\hotspot\share\interpreter\linkResolver.cpp, line 759]
Event: 1.498 Thread 0x0000020550312940 Exception <a 'java/lang/NoSuchMethodError'{0x00000000883047f0}: 'java.lang.Object java.lang.invoke.DirectMethodHandle$Holder.newInvokeSpecial(java.lang.Object, java.lang.Object, long)'> (0x00000000883047f0) 
thrown [s\src\hotspot\share\interpreter\linkResolver.cpp, line 759]
Event: 1.498 Thread 0x0000020550312940 Exception <a 'java/lang/NoSuchMethodError'{0x0000000088308368}: 'java.lang.Object java.lang.invoke.Invokers$Holder.linkToTargetMethod(java.lang.Object, long, java.lang.Object)'> (0x0000000088308368) 
thrown [s\src\hotspot\share\interpreter\linkResolver.cpp, line 759]

VM Operations (18 events):
Event: 0.127 Executing VM operation: HandshakeAllThreads
Event: 0.127 Executing VM operation: HandshakeAllThreads done
Event: 0.127 Executing VM operation: HandshakeAllThreads
Event: 0.127 Executing VM operation: HandshakeAllThreads done
Event: 0.166 Executing VM operation: HandshakeAllThreads
Event: 0.166 Executing VM operation: HandshakeAllThreads done
Event: 0.469 Executing VM operation: HandshakeAllThreads
Event: 0.469 Executing VM operation: HandshakeAllThreads done
Event: 0.565 Executing VM operation: G1CollectForAllocation
Event: 0.567 Executing VM operation: G1CollectForAllocation done
Event: 0.667 Executing VM operation: HandshakeAllThreads
Event: 0.667 Executing VM operation: HandshakeAllThreads done
Event: 0.747 Executing VM operation: HandshakeAllThreads
Event: 0.747 Executing VM operation: HandshakeAllThreads done
Event: 0.911 Executing VM operation: ICBufferFull
Event: 0.912 Executing VM operation: ICBufferFull done
Event: 1.227 Executing VM operation: G1CollectForAllocation
Event: 1.232 Executing VM operation: G1CollectForAllocation done

Events (20 events):
Event: 0.365 Loaded shared library C:\Users\anfdm\.openjfx\cache\18.0.1+2\api-ms-win-crt-runtime-l1-1-0.dll
Event: 0.368 Loaded shared library C:\Users\anfdm\.openjfx\cache\18.0.1+2\api-ms-win-crt-stdio-l1-1-0.dll
Event: 0.371 Loaded shared library C:\Users\anfdm\.openjfx\cache\18.0.1+2\api-ms-win-crt-string-l1-1-0.dll
Event: 0.374 Loaded shared library C:\Users\anfdm\.openjfx\cache\18.0.1+2\api-ms-win-crt-time-l1-1-0.dll
Event: 0.377 Loaded shared library C:\Users\anfdm\.openjfx\cache\18.0.1+2\api-ms-win-crt-utility-l1-1-0.dll
Event: 0.395 Loaded shared library C:\Users\anfdm\.openjfx\cache\18.0.1+2\ucrtbase.dll
Event: 0.400 Loaded shared library C:\Users\anfdm\.openjfx\cache\18.0.1+2\vcruntime140.dll
Event: 0.403 Loaded shared library C:\Users\anfdm\.openjfx\cache\18.0.1+2\vcruntime140_1.dll
Event: 0.414 Loaded shared library C:\Users\anfdm\.openjfx\cache\18.0.1+2\msvcp140.dll
Event: 0.444 Thread 0x0000020550498090 Thread added: 0x0000020550498090
Event: 0.454 Loaded shared library C:\Users\anfdm\.openjfx\cache\18.0.1+2\prism_d3d.dll
Event: 0.478 Loaded shared library C:\Users\anfdm\.openjfx\cache\18.0.1+2\glass.dll
Event: 0.480 Thread 0x000002055052e530 Thread added: 0x000002055052e530
Event: 0.483 Thread 0x0000020550312940 Thread added: 0x0000020550312940
Event: 0.530 Thread 0x00000205503ed300 Thread added: 0x00000205503ed300
Event: 0.534 Thread 0x00000205503fe610 Thread added: 0x00000205503fe610
Event: 0.554 Loaded shared library C:\Users\anfdm\.jdks\corretto-18.0.2\bin\jimage.dll
Event: 0.742 Loaded shared library C:\Users\anfdm\.openjfx\cache\18.0.1+2\javafx_font.dll
Event: 0.872 Thread 0x0000020550823020 Thread added: 0x0000020550823020
Event: 1.515 Thread 0x000002055085d530 Thread added: 0x000002055085d530


Dynamic libraries:
0x00007ff717360000 - 0x00007ff71736d000 	C:\Users\anfdm\.jdks\corretto-18.0.2\bin\java.exe
0x00007ffa474f0000 - 0x00007ffa476e8000 	C:\Windows\SYSTEM32\ntdll.dll
0x00007ffa473f0000 - 0x00007ffa474ad000 	C:\Windows\System32\KERNEL32.DLL
0x00007ffa44c80000 - 0x00007ffa44f52000 	C:\Windows\System32\KERNELBASE.dll
0x00007ffa45230000 - 0x00007ffa45330000 	C:\Windows\System32\ucrtbase.dll
0x00007ffa3f950000 - 0x00007ffa3f967000 	C:\Users\anfdm\.jdks\corretto-18.0.2\bin\jli.dll
0x00007ffa3f8a0000 - 0x00007ffa3f8b5000 	C:\Users\anfdm\.jdks\corretto-18.0.2\bin\VCRUNTIME140.dll
0x00007ffa307f0000 - 0x00007ffa30a8a000 	C:\Windows\WinSxS\amd64_microsoft.windows.common-controls_6595b64144ccf1df_6.0.19041.1110_none_60b5254171f9507e\COMCTL32.dll
0x00007ffa46730000 - 0x00007ffa468cd000 	C:\Windows\System32\USER32.dll
0x00007ffa44c00000 - 0x00007ffa44c22000 	C:\Windows\System32\win32u.dll
0x00007ffa461b0000 - 0x00007ffa4624e000 	C:\Windows\System32\msvcrt.dll
0x00007ffa459c0000 - 0x00007ffa459eb000 	C:\Windows\System32\GDI32.dll
0x00007ffa453d0000 - 0x00007ffa454df000 	C:\Windows\System32\gdi32full.dll
0x00007ffa45330000 - 0x00007ffa453cd000 	C:\Windows\System32\msvcp_win.dll
0x00007ffa463f0000 - 0x00007ffa46420000 	C:\Windows\System32\IMM32.DLL
0x00007ffa08e30000 - 0x00007ffa08ecb000 	C:\Users\anfdm\.jdks\corretto-18.0.2\bin\msvcp140.dll
0x00007ff9f6130000 - 0x00007ff9f6da1000 	C:\Users\anfdm\.jdks\corretto-18.0.2\bin\server\jvm.dll
0x00007ffa46340000 - 0x00007ffa463ee000 	C:\Windows\System32\ADVAPI32.dll
0x00007ffa46690000 - 0x00007ffa4672c000 	C:\Windows\System32\sechost.dll
0x00007ffa46420000 - 0x00007ffa46545000 	C:\Windows\System32\RPCRT4.dll
0x00007ffa46330000 - 0x00007ffa46338000 	C:\Windows\System32\PSAPI.DLL
0x00007ffa3f970000 - 0x00007ffa3f997000 	C:\Windows\SYSTEM32\WINMM.dll
0x00007ffa3fd30000 - 0x00007ffa3fd39000 	C:\Windows\SYSTEM32\WSOCK32.dll
0x00007ffa3d460000 - 0x00007ffa3d46a000 	C:\Windows\SYSTEM32\VERSION.dll
0x00007ffa47160000 - 0x00007ffa471cb000 	C:\Windows\System32\WS2_32.dll
0x00007ffa42ad0000 - 0x00007ffa42ae2000 	C:\Windows\SYSTEM32\kernel.appcore.dll
0x00007ffa3f890000 - 0x00007ffa3f89a000 	C:\Users\anfdm\.jdks\corretto-18.0.2\bin\jimage.dll
0x00007ffa31620000 - 0x00007ffa31804000 	C:\Windows\SYSTEM32\DBGHELP.DLL
0x00007ffa302e0000 - 0x00007ffa3030c000 	C:\Windows\SYSTEM32\dbgcore.DLL
0x00007ffa451a0000 - 0x00007ffa45222000 	C:\Windows\System32\bcryptPrimitives.dll
0x00007ffa416a0000 - 0x00007ffa416ae000 	C:\Users\anfdm\.jdks\corretto-18.0.2\bin\instrument.dll
0x00007ffa29ce0000 - 0x00007ffa29d05000 	C:\Users\anfdm\.jdks\corretto-18.0.2\bin\java.dll
0x00007ffa06a80000 - 0x00007ffa06b56000 	C:\Users\anfdm\.jdks\corretto-18.0.2\bin\jsvml.dll
0x00007ffa45a60000 - 0x00007ffa461a3000 	C:\Windows\System32\SHELL32.dll
0x00007ffa42cd0000 - 0x00007ffa43461000 	C:\Windows\SYSTEM32\windows.storage.dll
0x00007ffa46e00000 - 0x00007ffa47154000 	C:\Windows\System32\combase.dll
0x00007ffa44660000 - 0x00007ffa44690000 	C:\Windows\SYSTEM32\Wldp.dll
0x00007ffa468d0000 - 0x00007ffa4697d000 	C:\Windows\System32\SHCORE.dll
0x00007ffa47390000 - 0x00007ffa473e5000 	C:\Windows\System32\shlwapi.dll
0x00007ffa44b40000 - 0x00007ffa44b5f000 	C:\Windows\SYSTEM32\profapi.dll
0x00007ffa39440000 - 0x00007ffa39453000 	C:\Users\anfdm\.jdks\corretto-18.0.2\bin\net.dll
0x00007ffa3d510000 - 0x00007ffa3d61d000 	C:\Windows\SYSTEM32\WINHTTP.dll
0x00007ffa443c0000 - 0x00007ffa4442a000 	C:\Windows\system32\mswsock.dll
0x00007ffa390c0000 - 0x00007ffa390d5000 	C:\Users\anfdm\.jdks\corretto-18.0.2\bin\nio.dll
0x00007ffa384e0000 - 0x00007ffa384f8000 	C:\Users\anfdm\.jdks\corretto-18.0.2\bin\zip.dll
0x00007ffa39270000 - 0x00007ffa3928a000 	D:\JetBrains\IntelliJ IDEA 2022.2.3\bin\breakgen64.dll
0x000002052d640000 - 0x000002052d643000 	C:\Users\anfdm\.openjfx\cache\18.0.1+2\api-ms-win-core-console-l1-1-0.dll
0x000002052d650000 - 0x000002052d653000 	C:\Users\anfdm\.openjfx\cache\18.0.1+2\api-ms-win-core-console-l1-2-0.dll
0x000002052d660000 - 0x000002052d663000 	C:\Users\anfdm\.openjfx\cache\18.0.1+2\api-ms-win-core-datetime-l1-1-0.dll
0x000002052d670000 - 0x000002052d673000 	C:\Users\anfdm\.openjfx\cache\18.0.1+2\api-ms-win-core-debug-l1-1-0.dll
0x000002054b7a0000 - 0x000002054b7a3000 	C:\Users\anfdm\.openjfx\cache\18.0.1+2\api-ms-win-core-errorhandling-l1-1-0.dll
0x000002054b7b0000 - 0x000002054b7b4000 	C:\Users\anfdm\.openjfx\cache\18.0.1+2\api-ms-win-core-file-l1-1-0.dll
0x000002054b7c0000 - 0x000002054b7c3000 	C:\Users\anfdm\.openjfx\cache\18.0.1+2\api-ms-win-core-file-l1-2-0.dll
0x000002054b7d0000 - 0x000002054b7d3000 	C:\Users\anfdm\.openjfx\cache\18.0.1+2\api-ms-win-core-file-l2-1-0.dll
0x000002054b7e0000 - 0x000002054b7e3000 	C:\Users\anfdm\.openjfx\cache\18.0.1+2\api-ms-win-core-handle-l1-1-0.dll
0x000002054b7f0000 - 0x000002054b7f3000 	C:\Users\anfdm\.openjfx\cache\18.0.1+2\api-ms-win-core-heap-l1-1-0.dll
0x0000020551460000 - 0x0000020551463000 	C:\Users\anfdm\.openjfx\cache\18.0.1+2\api-ms-win-core-interlocked-l1-1-0.dll
0x0000020551470000 - 0x0000020551473000 	C:\Users\anfdm\.openjfx\cache\18.0.1+2\api-ms-win-core-libraryloader-l1-1-0.dll
0x0000020551480000 - 0x0000020551483000 	C:\Users\anfdm\.openjfx\cache\18.0.1+2\api-ms-win-core-localization-l1-2-0.dll
0x0000020551490000 - 0x0000020551493000 	C:\Users\anfdm\.openjfx\cache\18.0.1+2\api-ms-win-core-memory-l1-1-0.dll
0x00000205514a0000 - 0x00000205514a3000 	C:\Users\anfdm\.openjfx\cache\18.0.1+2\api-ms-win-core-namedpipe-l1-1-0.dll
0x00000205514b0000 - 0x00000205514b3000 	C:\Users\anfdm\.openjfx\cache\18.0.1+2\api-ms-win-core-processenvironment-l1-1-0.dll
0x00000205514c0000 - 0x00000205514c3000 	C:\Users\anfdm\.openjfx\cache\18.0.1+2\api-ms-win-core-processthreads-l1-1-0.dll
0x00000205514d0000 - 0x00000205514d3000 	C:\Users\anfdm\.openjfx\cache\18.0.1+2\api-ms-win-core-processthreads-l1-1-1.dll
0x00000205514e0000 - 0x00000205514e3000 	C:\Users\anfdm\.openjfx\cache\18.0.1+2\api-ms-win-core-profile-l1-1-0.dll
0x00000205514f0000 - 0x00000205514f3000 	C:\Users\anfdm\.openjfx\cache\18.0.1+2\api-ms-win-core-rtlsupport-l1-1-0.dll
0x0000020551500000 - 0x0000020551503000 	C:\Users\anfdm\.openjfx\cache\18.0.1+2\api-ms-win-core-string-l1-1-0.dll
0x0000020551510000 - 0x0000020551513000 	C:\Users\anfdm\.openjfx\cache\18.0.1+2\api-ms-win-core-synch-l1-1-0.dll
0x0000020551520000 - 0x0000020551523000 	C:\Users\anfdm\.openjfx\cache\18.0.1+2\api-ms-win-core-synch-l1-2-0.dll
0x0000020551530000 - 0x0000020551533000 	C:\Users\anfdm\.openjfx\cache\18.0.1+2\api-ms-win-core-sysinfo-l1-1-0.dll
0x0000020551540000 - 0x0000020551543000 	C:\Users\anfdm\.openjfx\cache\18.0.1+2\api-ms-win-core-timezone-l1-1-0.dll
0x0000020551550000 - 0x0000020551553000 	C:\Users\anfdm\.openjfx\cache\18.0.1+2\api-ms-win-core-util-l1-1-0.dll
0x0000020551560000 - 0x0000020551563000 	C:\Users\anfdm\.openjfx\cache\18.0.1+2\api-ms-win-crt-conio-l1-1-0.dll
0x0000020551570000 - 0x0000020551574000 	C:\Users\anfdm\.openjfx\cache\18.0.1+2\api-ms-win-crt-convert-l1-1-0.dll
0x0000020551580000 - 0x0000020551583000 	C:\Users\anfdm\.openjfx\cache\18.0.1+2\api-ms-win-crt-environment-l1-1-0.dll
0x0000020551590000 - 0x0000020551593000 	C:\Users\anfdm\.openjfx\cache\18.0.1+2\api-ms-win-crt-filesystem-l1-1-0.dll
0x00000205515a0000 - 0x00000205515a3000 	C:\Users\anfdm\.openjfx\cache\18.0.1+2\api-ms-win-crt-heap-l1-1-0.dll
0x00000205515b0000 - 0x00000205515b3000 	C:\Users\anfdm\.openjfx\cache\18.0.1+2\api-ms-win-crt-locale-l1-1-0.dll
0x00000205515c0000 - 0x00000205515c5000 	C:\Users\anfdm\.openjfx\cache\18.0.1+2\api-ms-win-crt-math-l1-1-0.dll
0x00000205515d0000 - 0x00000205515d5000 	C:\Users\anfdm\.openjfx\cache\18.0.1+2\api-ms-win-crt-multibyte-l1-1-0.dll
0x00000205515e0000 - 0x00000205515f0000 	C:\Users\anfdm\.openjfx\cache\18.0.1+2\api-ms-win-crt-private-l1-1-0.dll
0x00000205515f0000 - 0x00000205515f3000 	C:\Users\anfdm\.openjfx\cache\18.0.1+2\api-ms-win-crt-process-l1-1-0.dll
0x0000020551600000 - 0x0000020551604000 	C:\Users\anfdm\.openjfx\cache\18.0.1+2\api-ms-win-crt-runtime-l1-1-0.dll
0x0000020551610000 - 0x0000020551614000 	C:\Users\anfdm\.openjfx\cache\18.0.1+2\api-ms-win-crt-stdio-l1-1-0.dll
0x0000020551620000 - 0x0000020551624000 	C:\Users\anfdm\.openjfx\cache\18.0.1+2\api-ms-win-crt-string-l1-1-0.dll
0x0000020551630000 - 0x0000020551633000 	C:\Users\anfdm\.openjfx\cache\18.0.1+2\api-ms-win-crt-time-l1-1-0.dll
0x0000020551640000 - 0x0000020551643000 	C:\Users\anfdm\.openjfx\cache\18.0.1+2\api-ms-win-crt-utility-l1-1-0.dll
0x00007ffa0e010000 - 0x00007ffa0e10c000 	C:\Users\anfdm\.openjfx\cache\18.0.1+2\ucrtbase.dll
0x00007ffa39230000 - 0x00007ffa3924a000 	C:\Users\anfdm\.openjfx\cache\18.0.1+2\vcruntime140.dll
0x00007ffa3cf10000 - 0x00007ffa3cf1c000 	C:\Users\anfdm\.openjfx\cache\18.0.1+2\vcruntime140_1.dll
0x00007ffa24130000 - 0x00007ffa241bd000 	C:\Users\anfdm\.openjfx\cache\18.0.1+2\msvcp140.dll
0x00007ffa39200000 - 0x00007ffa3922c000 	C:\Users\anfdm\.openjfx\cache\18.0.1+2\prism_d3d.dll
0x00007ffa3b210000 - 0x00007ffa3b3df000 	C:\Windows\system32\d3d9.dll
0x00007ffa427e0000 - 0x00007ffa4280f000 	C:\Windows\SYSTEM32\dwmapi.dll
0x00007ffa42600000 - 0x00007ffa4269e000 	C:\Windows\system32\uxtheme.dll
0x00007ffa3ddf0000 - 0x00007ffa3e4e6000 	C:\Windows\SYSTEM32\d3d10warp.dll
0x00007ffa39180000 - 0x00007ffa391c2000 	C:\Users\anfdm\.openjfx\cache\18.0.1+2\glass.dll
0x00007ffa46250000 - 0x00007ffa4632a000 	C:\Windows\System32\COMDLG32.dll
0x00007ffa45660000 - 0x00007ffa4578a000 	C:\Windows\System32\ole32.dll
0x00007ffa472c0000 - 0x00007ffa4738d000 	C:\Windows\System32\OLEAUT32.dll
0x00007ffa46550000 - 0x00007ffa46665000 	C:\Windows\System32\MSCTF.dll
0x00007ffa3d4b0000 - 0x00007ffa3d4eb000 	C:\Windows\SYSTEM32\dxcore.dll
0x00007ffa44c30000 - 0x00007ffa44c7e000 	C:\Windows\System32\cfgmgr32.dll
0x00007ffa39120000 - 0x00007ffa39134000 	C:\Users\anfdm\.openjfx\cache\18.0.1+2\javafx_font.dll
0x00007ffa2f580000 - 0x00007ffa2f7ff000 	C:\Windows\SYSTEM32\dwrite.dll
0x00007ffa45550000 - 0x00007ffa455ff000 	C:\Windows\System32\clbcatq.dll
0x00007ffa3f180000 - 0x00007ffa3f334000 	C:\Windows\SYSTEM32\WindowsCodecs.dll
0x00007ffa44f60000 - 0x00007ffa44f87000 	C:\Windows\System32\bcrypt.dll
0x00007ffa38a70000 - 0x00007ffa38aae000 	C:\Windows\system32\dataexchange.dll
0x00007ffa41830000 - 0x00007ffa41a13000 	C:\Windows\system32\dcomp.dll
0x00007ffa40780000 - 0x00007ffa409e3000 	C:\Windows\system32\d3d11.dll
0x00007ffa434c0000 - 0x00007ffa435b3000 	C:\Windows\system32\dxgi.dll
0x00007ffa3f3d0000 - 0x00007ffa3f5d0000 	C:\Windows\system32\twinapi.appcore.dll
0x00007ffa241c0000 - 0x00007ffa241f4000 	C:\Program Files\Common Files\Microsoft Shared\Ink\rtscom.dll
0x00007ffa3a390000 - 0x00007ffa3a489000 	C:\Windows\SYSTEM32\textinputframework.dll
0x00007ffa42100000 - 0x00007ffa421f2000 	C:\Windows\System32\CoreMessaging.dll
0x00007ffa41da0000 - 0x00007ffa420fe000 	C:\Windows\System32\CoreUIComponents.dll
0x00007ffa416d0000 - 0x00007ffa41824000 	C:\Windows\SYSTEM32\wintypes.dll
0x00007ffa43d90000 - 0x00007ffa43dc3000 	C:\Windows\SYSTEM32\ntmarta.dll
0x00007ffa27fc0000 - 0x00007ffa28091000 	C:\Windows\System32\IME\IMEKR\imkrtip.dll
0x00007ffa40510000 - 0x00007ffa40606000 	C:\Windows\SYSTEM32\PROPSYS.dll
0x00007ffa27e70000 - 0x00007ffa27fb2000 	C:\Windows\System32\IME\shared\imetip.dll
0x00007ffa2a6b0000 - 0x00007ffa2a85e000 	C:\Windows\SYSTEM32\DUI70.dll
0x00007ffa3f7f0000 - 0x00007ffa3f856000 	C:\Windows\SYSTEM32\OLEACC.dll
0x00007ffa29110000 - 0x00007ffa29151000 	C:\Windows\System32\IME\IMEKR\imkrapi.dll
0x00007ffa3f9b0000 - 0x00007ffa3fa50000 	C:\Windows\SYSTEM32\policymanager.dll
0x00007ffa43d00000 - 0x00007ffa43d8a000 	C:\Windows\SYSTEM32\msvcp110_win.dll
0x00007ffa290d0000 - 0x00007ffa2910e000 	C:\Windows\System32\IME\shared\imjkapi.dll

dbghelp: loaded successfully - version: 4.0.5 - missing functions: none
symbol engine: initialized successfully - sym options: 0x614 - pdb path: .;C:\Users\anfdm\.jdks\corretto-18.0.2\bin;C:\Windows\SYSTEM32;C:\Windows\WinSxS\amd64_microsoft.windows.common-controls_6595b64144ccf1df_6.0.19041.1110_none_60b5254171f9507e;C:\Users\anfdm\.jdks\corretto-18.0.2\bin\server;D:\JetBrains\IntelliJ IDEA 2022.2.3\bin;C:\Users\anfdm\.openjfx\cache\18.0.1+2;C:\Program Files\Common Files\Microsoft Shared\Ink;C:\Windows\System32\IME\IMEKR;C:\Windows\System32\IME\shared

VM Arguments:
jvm_args: -javaagent:D:\JetBrains\IntelliJ IDEA 2022.2.3\lib\idea_rt.jar=64291:D:\JetBrains\IntelliJ IDEA 2022.2.3\bin -Dfile.encoding=UTF-8 -Dsun.stdout.encoding=UTF-8 -Dsun.stderr.encoding=UTF-8 --module-path=C:\Users\anfdm\.m2\repository\org\openjfx\javafx-graphics\18.0.1\javafx-graphics-18.0.1-win.jar;D:\Download\CraftingFarm\target\classes;C:\Users\anfdm\.m2\repository\org\openjfx\javafx-controls\18.0.1\javafx-controls-18.0.1-win.jar;C:\Users\anfdm\.m2\repository\org\openjfx\javafx-fxml\18.0.1\javafx-fxml-18.0.1-win.jar;C:\Users\anfdm\.m2\repository\org\openjfx\javafx-base\18.0.1\javafx-base-18.0.1-win.jar -Djdk.module.main=project.java.craftingfarm 
java_command: project.java.craftingfarm/project.java.craftingfarm.ScreenStart
java_class_path (initial): C:\Users\anfdm\.m2\repository\org\openjfx\javafx-controls\18.0.1\javafx-controls-18.0.1.jar;C:\Users\anfdm\.m2\repository\org\openjfx\javafx-graphics\18.0.1\javafx-graphics-18.0.1.jar;C:\Users\anfdm\.m2\repository\org\openjfx\javafx-base\18.0.1\javafx-base-18.0.1.jar;C:\Users\anfdm\.m2\repository\org\openjfx\javafx-fxml\18.0.1\javafx-fxml-18.0.1.jar
Launcher Type: SUN_STANDARD

[Global flags]
     intx CICompilerCount                          = 3                                         {product} {ergonomic}
     uint ConcGCThreads                            = 2                                         {product} {ergonomic}
     uint G1ConcRefinementThreads                  = 6                                         {product} {ergonomic}
   size_t G1HeapRegionSize                         = 1048576                                   {product} {ergonomic}
    uintx GCDrainStackTargetSize                   = 64                                        {product} {ergonomic}
   size_t InitialHeapSize                          = 134217728                                 {product} {ergonomic}
   size_t MarkStackSize                            = 4194304                                   {product} {ergonomic}
   size_t MaxHeapSize                              = 2132803584                                {product} {ergonomic}
   size_t MaxNewSize                               = 1279262720                                {product} {ergonomic}
   size_t MinHeapDeltaBytes                        = 1048576                                   {product} {ergonomic}
   size_t MinHeapSize                              = 8388608                                   {product} {ergonomic}
    uintx NonNMethodCodeHeapSize                   = 5832780                                {pd product} {ergonomic}
    uintx NonProfiledCodeHeapSize                  = 122912730                              {pd product} {ergonomic}
    uintx ProfiledCodeHeapSize                     = 122912730                              {pd product} {ergonomic}
    uintx ReservedCodeCacheSize                    = 251658240                              {pd product} {ergonomic}
     bool SegmentedCodeCache                       = true                                      {product} {ergonomic}
   size_t SoftMaxHeapSize                          = 2132803584                             {manageable} {ergonomic}
     bool UseCompressedClassPointers               = true                           {product lp64_product} {ergonomic}
     bool UseCompressedOops                        = true                           {product lp64_product} {ergonomic}
     bool UseG1GC                                  = true                                      {product} {ergonomic}
     bool UseLargePagesIndividualAllocation        = false                                  {pd product} {ergonomic}

Logging:
Log output configuration:
 #0: stdout all=warning uptime,level,tags foldmultilines=false
 #1: stderr all=off uptime,level,tags foldmultilines=false

Environment Variables:
PATH=C:\Windows\system32;C:\Windows;C:\Windows\System32\Wbem;C:\Windows\System32\WindowsPowerShell\v1.0\;C:\Windows\System32\OpenSSH\;C:\Users\anfdm\AppData\Local\Microsoft\WindowsApps;;D:\JetBrains\IntelliJ IDEA 2022.2.3\bin;;D:\JetBrains\PhpStorm 2022.2.3\bin;
USERNAME=anfdm
OS=Windows_NT
PROCESSOR_IDENTIFIER=Intel64 Family 6 Model 158 Stepping 10, GenuineIntel



---------------  S Y S T E M  ---------------

OS:
 Windows 10 , 64 bit Build 19041 (10.0.19041.1889)
OS uptime: 8 days 5:25 hours

CPU: total 6 (initial active 6) (6 cores per cpu, 1 threads per core) family 6 model 158 stepping 10 microcode 0xb4, cx8, cmov, fxsr, mmx, 3dnowpref, sse, sse2, sse3, ssse3, sse4.1, sse4.2, popcnt, lzcnt, tsc, tscinvbit, avx, avx2, aes, erms, clmul, bmi1, bmi2, adx, fma, vzeroupper, clflush, clflushopt

Memory: 4k page, system-wide physical 8134M (583M free)
TotalPageFile size 10182M (AvailPageFile size 2M)
current process WorkingSet (physical memory assigned to process): 159M, peak: 159M
current process commit charge ("private bytes"): 275M, peak: 276M

vm_info: OpenJDK 64-Bit Server VM (18.0.2+9-FR) for windows-amd64 JRE (18.0.2+9-FR), built on Jul 15 2022 20:03:03 by "Administrator" with MS VC++ 15.9 (VS2017)

END.
